[{"line":1,"elements":[{"start_timestamp":"2022-03-22T20:32:34.972Z","line":3,"name":"TC_001_Happy_Path_Register_Flow","description":"","id":"case-study;tc-001-happy-path-register-flow","after":[{"result":{"error_message":"org.openqa.selenium.NoSuchWindowException: no such window: window was already closed\n  (Session info: chrome=99.0.4844.83)\nBuild info: version: '3.141.59', revision: 'e82be7d358', time: '2018-11-14T08:17:03'\nSystem info: host: 'AU-MacBook-Air.local', ip: '192.168.1.36', os.name: 'Mac OS X', os.arch: 'x86_64', os.version: '10.16', java.version: '11.0.10'\nDriver info: org.openqa.selenium.chrome.ChromeDriver\nCapabilities {acceptInsecureCerts: false, browserName: chrome, browserVersion: 99.0.4844.83, chrome: {chromedriverVersion: 99.0.4844.51 (d537ec02474b5..., userDataDir: /var/folders/zd/dqnl5w616n5...}, goog:chromeOptions: {debuggerAddress: localhost:57552}, javascriptEnabled: true, networkConnectionEnabled: false, pageLoadStrategy: normal, platform: MAC, platformName: MAC, proxy: Proxy(), setWindowRect: true, strictFileInteractability: false, timeouts: {implicit: 0, pageLoad: 300000, script: 30000}, unhandledPromptBehavior: dismiss and notify, webauthn:extension:credBlob: true, webauthn:extension:largeBlob: true, webauthn:virtualAuthenticators: true}\nSession ID: 23d36422b65666529dfd2433063a1596\n\tat java.base/jdk.internal.reflect.NativeConstructorAccessorImpl.newInstance0(Native Method)\n\tat java.base/jdk.internal.reflect.NativeConstructorAccessorImpl.newInstance(NativeConstructorAccessorImpl.java:62)\n\tat java.base/jdk.internal.reflect.DelegatingConstructorAccessorImpl.newInstance(DelegatingConstructorAccessorImpl.java:45)\n\tat java.base/java.lang.reflect.Constructor.newInstance(Constructor.java:490)\n\tat org.openqa.selenium.remote.http.W3CHttpResponseCodec.createException(W3CHttpResponseCodec.java:187)\n\tat org.openqa.selenium.remote.http.W3CHttpResponseCodec.decode(W3CHttpResponseCodec.java:122)\n\tat org.openqa.selenium.remote.http.W3CHttpResponseCodec.decode(W3CHttpResponseCodec.java:49)\n\tat org.openqa.selenium.remote.HttpCommandExecutor.execute(HttpCommandExecutor.java:158)\n\tat org.openqa.selenium.remote.service.DriverCommandExecutor.execute(DriverCommandExecutor.java:83)\n\tat org.openqa.selenium.remote.RemoteWebDriver.execute(RemoteWebDriver.java:552)\n\tat org.openqa.selenium.remote.RemoteWebDriver.execute(RemoteWebDriver.java:609)\n\tat org.openqa.selenium.remote.RemoteWebDriver$RemoteWebDriverOptions$RemoteWindow.maximize(RemoteWebDriver.java:837)\n\tat utilities.Driver.getDriver(Driver.java:42)\n\tat com.la3eb.stepDefinitions.UIHooks.tearDown(UIHooks.java:14)\n","duration":94746000,"status":"failed"},"match":{"location":"com.la3eb.stepDefinitions.UIHooks.tearDown(io.cucumber.java.Scenario)"}}],"type":"scenario","keyword":"Scenario","steps":[{"result":{"duration":25109148000,"status":"passed"},"line":4,"name":"user goes to \"production\" landing page","match":{"arguments":[{"val":"\"production\"","offset":13}],"location":"com.la3eb.stepDefinitions.UIStepDefs.user_goes_to_landing_page(java.lang.String)"},"keyword":"Given "},{"result":{"error_message":"org.openqa.selenium.WebDriverException: unknown error: unhandled inspector error: {\"code\":-32000,\"message\":\"No target with given id\"}\n  (Session info: chrome=99.0.4844.83)\nBuild info: version: '3.141.59', revision: 'e82be7d358', time: '2018-11-14T08:17:03'\nSystem info: host: 'AU-MacBook-Air.local', ip: '192.168.1.36', os.name: 'Mac OS X', os.arch: 'x86_64', os.version: '10.16', java.version: '11.0.10'\nDriver info: org.openqa.selenium.chrome.ChromeDriver\nCapabilities {acceptInsecureCerts: false, browserName: chrome, browserVersion: 99.0.4844.83, chrome: {chromedriverVersion: 99.0.4844.51 (d537ec02474b5..., userDataDir: /var/folders/zd/dqnl5w616n5...}, goog:chromeOptions: {debuggerAddress: localhost:57552}, javascriptEnabled: true, networkConnectionEnabled: false, pageLoadStrategy: normal, platform: MAC, platformName: MAC, proxy: Proxy(), setWindowRect: true, strictFileInteractability: false, timeouts: {implicit: 0, pageLoad: 300000, script: 30000}, unhandledPromptBehavior: dismiss and notify, webauthn:extension:credBlob: true, webauthn:extension:largeBlob: true, webauthn:virtualAuthenticators: true}\nSession ID: 23d36422b65666529dfd2433063a1596\n\tat java.base/jdk.internal.reflect.NativeConstructorAccessorImpl.newInstance0(Native Method)\n\tat java.base/jdk.internal.reflect.NativeConstructorAccessorImpl.newInstance(NativeConstructorAccessorImpl.java:62)\n\tat java.base/jdk.internal.reflect.DelegatingConstructorAccessorImpl.newInstance(DelegatingConstructorAccessorImpl.java:45)\n\tat java.base/java.lang.reflect.Constructor.newInstance(Constructor.java:490)\n\tat org.openqa.selenium.remote.http.W3CHttpResponseCodec.createException(W3CHttpResponseCodec.java:187)\n\tat org.openqa.selenium.remote.http.W3CHttpResponseCodec.decode(W3CHttpResponseCodec.java:122)\n\tat org.openqa.selenium.remote.http.W3CHttpResponseCodec.decode(W3CHttpResponseCodec.java:49)\n\tat org.openqa.selenium.remote.HttpCommandExecutor.execute(HttpCommandExecutor.java:158)\n\tat org.openqa.selenium.remote.service.DriverCommandExecutor.execute(DriverCommandExecutor.java:83)\n\tat org.openqa.selenium.remote.RemoteWebDriver.execute(RemoteWebDriver.java:552)\n\tat org.openqa.selenium.remote.RemoteWebDriver.execute(RemoteWebDriver.java:609)\n\tat org.openqa.selenium.remote.RemoteWebDriver$RemoteWebDriverOptions$RemoteWindow.maximize(RemoteWebDriver.java:837)\n\tat utilities.Driver.getDriver(Driver.java:42)\n\tat com.la3eb.pages.BasePage.registrationPageElements(BasePage.java:15)\n\tat com.la3eb.pages.RegistrationPage.completeRegistration(RegistrationPage.java:30)\n\tat com.la3eb.stepDefinitions.UIStepDefs.user_completes_registration_with_using_and(UIStepDefs.java:44)\n\tat ✽.user completes registration with using \"email\" \"userName\" and \"password\"(file:///Users/ademugurlugelen/ademugurlugelen/la3ebCaseStudy/src/test/resources/la3ebFeatures/registration.feature:5)\n","duration":5864461000,"status":"failed"},"line":5,"name":"user completes registration with using \"email\" \"userName\" and \"password\"","match":{"arguments":[{"val":"\"email\"","offset":39},{"val":"\"userName\"","offset":47},{"val":"\"password\"","offset":62}],"location":"com.la3eb.stepDefinitions.UIStepDefs.user_completes_registration_with_using_and(java.lang.String,java.lang.String,java.lang.String)"},"keyword":"And "},{"result":{"duration":589000,"status":"skipped"},"line":6,"name":"user verifies registration is succeeded with the same \"email\"","match":{"arguments":[{"val":"\"email\"","offset":54}],"location":"com.la3eb.stepDefinitions.UIStepDefs.user_verifies_registration_is_succeeded_with_the_same(java.lang.String)"},"keyword":"Then "}],"tags":[{"name":"@wip1"}]},{"start_timestamp":"2022-03-22T20:33:06.120Z","line":9,"name":"TC_002_Register_with_Existed_Email","description":"","id":"case-study;tc-002-register-with-existed-email","after":[{"result":{"error_message":"org.openqa.selenium.NoSuchWindowException: no such window: window was already closed\n  (Session info: chrome=99.0.4844.83)\nBuild info: version: '3.141.59', revision: 'e82be7d358', time: '2018-11-14T08:17:03'\nSystem info: host: 'AU-MacBook-Air.local', ip: '192.168.1.36', os.name: 'Mac OS X', os.arch: 'x86_64', os.version: '10.16', java.version: '11.0.10'\nDriver info: org.openqa.selenium.chrome.ChromeDriver\nCapabilities {acceptInsecureCerts: false, browserName: chrome, browserVersion: 99.0.4844.83, chrome: {chromedriverVersion: 99.0.4844.51 (d537ec02474b5..., userDataDir: /var/folders/zd/dqnl5w616n5...}, goog:chromeOptions: {debuggerAddress: localhost:57552}, javascriptEnabled: true, networkConnectionEnabled: false, pageLoadStrategy: normal, platform: MAC, platformName: MAC, proxy: Proxy(), setWindowRect: true, strictFileInteractability: false, timeouts: {implicit: 0, pageLoad: 300000, script: 30000}, unhandledPromptBehavior: dismiss and notify, webauthn:extension:credBlob: true, webauthn:extension:largeBlob: true, webauthn:virtualAuthenticators: true}\nSession ID: 23d36422b65666529dfd2433063a1596\n\tat java.base/jdk.internal.reflect.NativeConstructorAccessorImpl.newInstance0(Native Method)\n\tat java.base/jdk.internal.reflect.NativeConstructorAccessorImpl.newInstance(NativeConstructorAccessorImpl.java:62)\n\tat java.base/jdk.internal.reflect.DelegatingConstructorAccessorImpl.newInstance(DelegatingConstructorAccessorImpl.java:45)\n\tat java.base/java.lang.reflect.Constructor.newInstance(Constructor.java:490)\n\tat org.openqa.selenium.remote.http.W3CHttpResponseCodec.createException(W3CHttpResponseCodec.java:187)\n\tat org.openqa.selenium.remote.http.W3CHttpResponseCodec.decode(W3CHttpResponseCodec.java:122)\n\tat org.openqa.selenium.remote.http.W3CHttpResponseCodec.decode(W3CHttpResponseCodec.java:49)\n\tat org.openqa.selenium.remote.HttpCommandExecutor.execute(HttpCommandExecutor.java:158)\n\tat org.openqa.selenium.remote.service.DriverCommandExecutor.execute(DriverCommandExecutor.java:83)\n\tat org.openqa.selenium.remote.RemoteWebDriver.execute(RemoteWebDriver.java:552)\n\tat org.openqa.selenium.remote.RemoteWebDriver.execute(RemoteWebDriver.java:609)\n\tat org.openqa.selenium.remote.RemoteWebDriver$RemoteWebDriverOptions$RemoteWindow.maximize(RemoteWebDriver.java:837)\n\tat utilities.Driver.getDriver(Driver.java:42)\n\tat com.la3eb.stepDefinitions.UIHooks.tearDown(UIHooks.java:14)\n","duration":21297000,"status":"failed"},"match":{"location":"com.la3eb.stepDefinitions.UIHooks.tearDown(io.cucumber.java.Scenario)"}}],"type":"scenario","keyword":"Scenario","steps":[{"result":{"error_message":"org.openqa.selenium.NoSuchWindowException: no such window: window was already closed\n  (Session info: chrome=99.0.4844.83)\nBuild info: version: '3.141.59', revision: 'e82be7d358', time: '2018-11-14T08:17:03'\nSystem info: host: 'AU-MacBook-Air.local', ip: '192.168.1.36', os.name: 'Mac OS X', os.arch: 'x86_64', os.version: '10.16', java.version: '11.0.10'\nDriver info: org.openqa.selenium.chrome.ChromeDriver\nCapabilities {acceptInsecureCerts: false, browserName: chrome, browserVersion: 99.0.4844.83, chrome: {chromedriverVersion: 99.0.4844.51 (d537ec02474b5..., userDataDir: /var/folders/zd/dqnl5w616n5...}, goog:chromeOptions: {debuggerAddress: localhost:57552}, javascriptEnabled: true, networkConnectionEnabled: false, pageLoadStrategy: normal, platform: MAC, platformName: MAC, proxy: Proxy(), setWindowRect: true, strictFileInteractability: false, timeouts: {implicit: 0, pageLoad: 300000, script: 30000}, unhandledPromptBehavior: dismiss and notify, webauthn:extension:credBlob: true, webauthn:extension:largeBlob: true, webauthn:virtualAuthenticators: true}\nSession ID: 23d36422b65666529dfd2433063a1596\n\tat java.base/jdk.internal.reflect.NativeConstructorAccessorImpl.newInstance0(Native Method)\n\tat java.base/jdk.internal.reflect.NativeConstructorAccessorImpl.newInstance(NativeConstructorAccessorImpl.java:62)\n\tat java.base/jdk.internal.reflect.DelegatingConstructorAccessorImpl.newInstance(DelegatingConstructorAccessorImpl.java:45)\n\tat java.base/java.lang.reflect.Constructor.newInstance(Constructor.java:490)\n\tat org.openqa.selenium.remote.http.W3CHttpResponseCodec.createException(W3CHttpResponseCodec.java:187)\n\tat org.openqa.selenium.remote.http.W3CHttpResponseCodec.decode(W3CHttpResponseCodec.java:122)\n\tat org.openqa.selenium.remote.http.W3CHttpResponseCodec.decode(W3CHttpResponseCodec.java:49)\n\tat org.openqa.selenium.remote.HttpCommandExecutor.execute(HttpCommandExecutor.java:158)\n\tat org.openqa.selenium.remote.service.DriverCommandExecutor.execute(DriverCommandExecutor.java:83)\n\tat org.openqa.selenium.remote.RemoteWebDriver.execute(RemoteWebDriver.java:552)\n\tat org.openqa.selenium.remote.RemoteWebDriver.execute(RemoteWebDriver.java:609)\n\tat org.openqa.selenium.remote.RemoteWebDriver$RemoteWebDriverOptions$RemoteWindow.maximize(RemoteWebDriver.java:837)\n\tat utilities.Driver.getDriver(Driver.java:42)\n\tat com.la3eb.stepDefinitions.UIStepDefs.user_goes_to_landing_page(UIStepDefs.java:29)\n\tat ✽.user goes to \"production\" landing page(file:///Users/ademugurlugelen/ademugurlugelen/la3ebCaseStudy/src/test/resources/la3ebFeatures/registration.feature:10)\n","duration":15354000,"status":"failed"},"line":10,"name":"user goes to \"production\" landing page","match":{"arguments":[{"val":"\"production\"","offset":13}],"location":"com.la3eb.stepDefinitions.UIStepDefs.user_goes_to_landing_page(java.lang.String)"},"keyword":"Given "},{"result":{"duration":286000,"status":"skipped"},"line":11,"name":"user completes registration with using \"registeredEmail\"","match":{"arguments":[{"val":"\"registeredEmail\"","offset":39}],"location":"com.la3eb.stepDefinitions.UIStepDefs.user_completes_registration_with_using(java.lang.String)"},"keyword":"And "},{"result":{"duration":2017000,"status":"skipped"},"line":12,"name":"user verifies \"existedEmailError\" message is displayed","match":{"arguments":[{"val":"\"existedEmailError\"","offset":14}],"location":"com.la3eb.stepDefinitions.UIStepDefs.userVerifiesMessageIsDisplayed(java.lang.String)"},"keyword":"Then "}],"tags":[{"name":"@wip1"}]},{"start_timestamp":"2022-03-22T20:33:06.297Z","line":15,"name":"TC_003_Register_with_Existed_UserName","description":"","id":"case-study;tc-003-register-with-existed-username","after":[{"result":{"error_message":"org.openqa.selenium.NoSuchWindowException: no such window: window was already closed\n  (Session info: chrome=99.0.4844.83)\nBuild info: version: '3.141.59', revision: 'e82be7d358', time: '2018-11-14T08:17:03'\nSystem info: host: 'AU-MacBook-Air.local', ip: '192.168.1.36', os.name: 'Mac OS X', os.arch: 'x86_64', os.version: '10.16', java.version: '11.0.10'\nDriver info: org.openqa.selenium.chrome.ChromeDriver\nCapabilities {acceptInsecureCerts: false, browserName: chrome, browserVersion: 99.0.4844.83, chrome: {chromedriverVersion: 99.0.4844.51 (d537ec02474b5..., userDataDir: /var/folders/zd/dqnl5w616n5...}, goog:chromeOptions: {debuggerAddress: localhost:57552}, javascriptEnabled: true, networkConnectionEnabled: false, pageLoadStrategy: normal, platform: MAC, platformName: MAC, proxy: Proxy(), setWindowRect: true, strictFileInteractability: false, timeouts: {implicit: 0, pageLoad: 300000, script: 30000}, unhandledPromptBehavior: dismiss and notify, webauthn:extension:credBlob: true, webauthn:extension:largeBlob: true, webauthn:virtualAuthenticators: true}\nSession ID: 23d36422b65666529dfd2433063a1596\n\tat java.base/jdk.internal.reflect.NativeConstructorAccessorImpl.newInstance0(Native Method)\n\tat java.base/jdk.internal.reflect.NativeConstructorAccessorImpl.newInstance(NativeConstructorAccessorImpl.java:62)\n\tat java.base/jdk.internal.reflect.DelegatingConstructorAccessorImpl.newInstance(DelegatingConstructorAccessorImpl.java:45)\n\tat java.base/java.lang.reflect.Constructor.newInstance(Constructor.java:490)\n\tat org.openqa.selenium.remote.http.W3CHttpResponseCodec.createException(W3CHttpResponseCodec.java:187)\n\tat org.openqa.selenium.remote.http.W3CHttpResponseCodec.decode(W3CHttpResponseCodec.java:122)\n\tat org.openqa.selenium.remote.http.W3CHttpResponseCodec.decode(W3CHttpResponseCodec.java:49)\n\tat org.openqa.selenium.remote.HttpCommandExecutor.execute(HttpCommandExecutor.java:158)\n\tat org.openqa.selenium.remote.service.DriverCommandExecutor.execute(DriverCommandExecutor.java:83)\n\tat org.openqa.selenium.remote.RemoteWebDriver.execute(RemoteWebDriver.java:552)\n\tat org.openqa.selenium.remote.RemoteWebDriver.execute(RemoteWebDriver.java:609)\n\tat org.openqa.selenium.remote.RemoteWebDriver$RemoteWebDriverOptions$RemoteWindow.maximize(RemoteWebDriver.java:837)\n\tat utilities.Driver.getDriver(Driver.java:42)\n\tat com.la3eb.stepDefinitions.UIHooks.tearDown(UIHooks.java:14)\n","duration":79837000,"status":"failed"},"match":{"location":"com.la3eb.stepDefinitions.UIHooks.tearDown(io.cucumber.java.Scenario)"}}],"type":"scenario","keyword":"Scenario","steps":[{"result":{"error_message":"org.openqa.selenium.NoSuchWindowException: no such window: window was already closed\n  (Session info: chrome=99.0.4844.83)\nBuild info: version: '3.141.59', revision: 'e82be7d358', time: '2018-11-14T08:17:03'\nSystem info: host: 'AU-MacBook-Air.local', ip: '192.168.1.36', os.name: 'Mac OS X', os.arch: 'x86_64', os.version: '10.16', java.version: '11.0.10'\nDriver info: org.openqa.selenium.chrome.ChromeDriver\nCapabilities {acceptInsecureCerts: false, browserName: chrome, browserVersion: 99.0.4844.83, chrome: {chromedriverVersion: 99.0.4844.51 (d537ec02474b5..., userDataDir: /var/folders/zd/dqnl5w616n5...}, goog:chromeOptions: {debuggerAddress: localhost:57552}, javascriptEnabled: true, networkConnectionEnabled: false, pageLoadStrategy: normal, platform: MAC, platformName: MAC, proxy: Proxy(), setWindowRect: true, strictFileInteractability: false, timeouts: {implicit: 0, pageLoad: 300000, script: 30000}, unhandledPromptBehavior: dismiss and notify, webauthn:extension:credBlob: true, webauthn:extension:largeBlob: true, webauthn:virtualAuthenticators: true}\nSession ID: 23d36422b65666529dfd2433063a1596\n\tat java.base/jdk.internal.reflect.NativeConstructorAccessorImpl.newInstance0(Native Method)\n\tat java.base/jdk.internal.reflect.NativeConstructorAccessorImpl.newInstance(NativeConstructorAccessorImpl.java:62)\n\tat java.base/jdk.internal.reflect.DelegatingConstructorAccessorImpl.newInstance(DelegatingConstructorAccessorImpl.java:45)\n\tat java.base/java.lang.reflect.Constructor.newInstance(Constructor.java:490)\n\tat org.openqa.selenium.remote.http.W3CHttpResponseCodec.createException(W3CHttpResponseCodec.java:187)\n\tat org.openqa.selenium.remote.http.W3CHttpResponseCodec.decode(W3CHttpResponseCodec.java:122)\n\tat org.openqa.selenium.remote.http.W3CHttpResponseCodec.decode(W3CHttpResponseCodec.java:49)\n\tat org.openqa.selenium.remote.HttpCommandExecutor.execute(HttpCommandExecutor.java:158)\n\tat org.openqa.selenium.remote.service.DriverCommandExecutor.execute(DriverCommandExecutor.java:83)\n\tat org.openqa.selenium.remote.RemoteWebDriver.execute(RemoteWebDriver.java:552)\n\tat org.openqa.selenium.remote.RemoteWebDriver.execute(RemoteWebDriver.java:609)\n\tat org.openqa.selenium.remote.RemoteWebDriver$RemoteWebDriverOptions$RemoteWindow.maximize(RemoteWebDriver.java:837)\n\tat utilities.Driver.getDriver(Driver.java:42)\n\tat com.la3eb.stepDefinitions.UIStepDefs.user_goes_to_landing_page(UIStepDefs.java:29)\n\tat ✽.user goes to \"production\" landing page(file:///Users/ademugurlugelen/ademugurlugelen/la3ebCaseStudy/src/test/resources/la3ebFeatures/registration.feature:16)\n","duration":80673000,"status":"failed"},"line":16,"name":"user goes to \"production\" landing page","match":{"arguments":[{"val":"\"production\"","offset":13}],"location":"com.la3eb.stepDefinitions.UIStepDefs.user_goes_to_landing_page(java.lang.String)"},"keyword":"Given "},{"result":{"duration":251000,"status":"skipped"},"line":17,"name":"user completes registration with using \"registeredUserName\"","match":{"arguments":[{"val":"\"registeredUserName\"","offset":39}],"location":"com.la3eb.stepDefinitions.UIStepDefs.user_completes_registration_with_using(java.lang.String)"},"keyword":"And "},{"result":{"duration":626000,"status":"skipped"},"line":18,"name":"user verifies \"existedUserNameError\" validation message appears for \"username\" field","match":{"arguments":[{"val":"\"existedUserNameError\"","offset":14},{"val":"\"username\"","offset":68}],"location":"com.la3eb.stepDefinitions.UIStepDefs.user_verifies_validation_message_appears_for_field(java.lang.String,java.lang.String)"},"keyword":"Then "}],"tags":[{"name":"@wip1"}]},{"start_timestamp":"2022-03-22T20:33:06.569Z","line":30,"name":"TC_004_Registration_Missing_Field_Validations","description":"","id":"case-study;tc-004-registration-missing-field-validations;;2","after":[{"result":{"error_message":"org.openqa.selenium.NoSuchWindowException: no such window: window was already closed\n  (Session info: chrome=99.0.4844.83)\nBuild info: version: '3.141.59', revision: 'e82be7d358', time: '2018-11-14T08:17:03'\nSystem info: host: 'AU-MacBook-Air.local', ip: '192.168.1.36', os.name: 'Mac OS X', os.arch: 'x86_64', os.version: '10.16', java.version: '11.0.10'\nDriver info: org.openqa.selenium.chrome.ChromeDriver\nCapabilities {acceptInsecureCerts: false, browserName: chrome, browserVersion: 99.0.4844.83, chrome: {chromedriverVersion: 99.0.4844.51 (d537ec02474b5..., userDataDir: /var/folders/zd/dqnl5w616n5...}, goog:chromeOptions: {debuggerAddress: localhost:57552}, javascriptEnabled: true, networkConnectionEnabled: false, pageLoadStrategy: normal, platform: MAC, platformName: MAC, proxy: Proxy(), setWindowRect: true, strictFileInteractability: false, timeouts: {implicit: 0, pageLoad: 300000, script: 30000}, unhandledPromptBehavior: dismiss and notify, webauthn:extension:credBlob: true, webauthn:extension:largeBlob: true, webauthn:virtualAuthenticators: true}\nSession ID: 23d36422b65666529dfd2433063a1596\n\tat java.base/jdk.internal.reflect.NativeConstructorAccessorImpl.newInstance0(Native Method)\n\tat java.base/jdk.internal.reflect.NativeConstructorAccessorImpl.newInstance(NativeConstructorAccessorImpl.java:62)\n\tat java.base/jdk.internal.reflect.DelegatingConstructorAccessorImpl.newInstance(DelegatingConstructorAccessorImpl.java:45)\n\tat java.base/java.lang.reflect.Constructor.newInstance(Constructor.java:490)\n\tat org.openqa.selenium.remote.http.W3CHttpResponseCodec.createException(W3CHttpResponseCodec.java:187)\n\tat org.openqa.selenium.remote.http.W3CHttpResponseCodec.decode(W3CHttpResponseCodec.java:122)\n\tat org.openqa.selenium.remote.http.W3CHttpResponseCodec.decode(W3CHttpResponseCodec.java:49)\n\tat org.openqa.selenium.remote.HttpCommandExecutor.execute(HttpCommandExecutor.java:158)\n\tat org.openqa.selenium.remote.service.DriverCommandExecutor.execute(DriverCommandExecutor.java:83)\n\tat org.openqa.selenium.remote.RemoteWebDriver.execute(RemoteWebDriver.java:552)\n\tat org.openqa.selenium.remote.RemoteWebDriver.execute(RemoteWebDriver.java:609)\n\tat org.openqa.selenium.remote.RemoteWebDriver$RemoteWebDriverOptions$RemoteWindow.maximize(RemoteWebDriver.java:837)\n\tat utilities.Driver.getDriver(Driver.java:42)\n\tat com.la3eb.stepDefinitions.UIHooks.tearDown(UIHooks.java:14)\n","duration":10849000,"status":"failed"},"match":{"location":"com.la3eb.stepDefinitions.UIHooks.tearDown(io.cucumber.java.Scenario)"}}],"type":"scenario","keyword":"Scenario Outline","steps":[{"result":{"error_message":"org.openqa.selenium.NoSuchWindowException: no such window: window was already closed\n  (Session info: chrome=99.0.4844.83)\nBuild info: version: '3.141.59', revision: 'e82be7d358', time: '2018-11-14T08:17:03'\nSystem info: host: 'AU-MacBook-Air.local', ip: '192.168.1.36', os.name: 'Mac OS X', os.arch: 'x86_64', os.version: '10.16', java.version: '11.0.10'\nDriver info: org.openqa.selenium.chrome.ChromeDriver\nCapabilities {acceptInsecureCerts: false, browserName: chrome, browserVersion: 99.0.4844.83, chrome: {chromedriverVersion: 99.0.4844.51 (d537ec02474b5..., userDataDir: /var/folders/zd/dqnl5w616n5...}, goog:chromeOptions: {debuggerAddress: localhost:57552}, javascriptEnabled: true, networkConnectionEnabled: false, pageLoadStrategy: normal, platform: MAC, platformName: MAC, proxy: Proxy(), setWindowRect: true, strictFileInteractability: false, timeouts: {implicit: 0, pageLoad: 300000, script: 30000}, unhandledPromptBehavior: dismiss and notify, webauthn:extension:credBlob: true, webauthn:extension:largeBlob: true, webauthn:virtualAuthenticators: true}\nSession ID: 23d36422b65666529dfd2433063a1596\n\tat java.base/jdk.internal.reflect.NativeConstructorAccessorImpl.newInstance0(Native Method)\n\tat java.base/jdk.internal.reflect.NativeConstructorAccessorImpl.newInstance(NativeConstructorAccessorImpl.java:62)\n\tat java.base/jdk.internal.reflect.DelegatingConstructorAccessorImpl.newInstance(DelegatingConstructorAccessorImpl.java:45)\n\tat java.base/java.lang.reflect.Constructor.newInstance(Constructor.java:490)\n\tat org.openqa.selenium.remote.http.W3CHttpResponseCodec.createException(W3CHttpResponseCodec.java:187)\n\tat org.openqa.selenium.remote.http.W3CHttpResponseCodec.decode(W3CHttpResponseCodec.java:122)\n\tat org.openqa.selenium.remote.http.W3CHttpResponseCodec.decode(W3CHttpResponseCodec.java:49)\n\tat org.openqa.selenium.remote.HttpCommandExecutor.execute(HttpCommandExecutor.java:158)\n\tat org.openqa.selenium.remote.service.DriverCommandExecutor.execute(DriverCommandExecutor.java:83)\n\tat org.openqa.selenium.remote.RemoteWebDriver.execute(RemoteWebDriver.java:552)\n\tat org.openqa.selenium.remote.RemoteWebDriver.execute(RemoteWebDriver.java:609)\n\tat org.openqa.selenium.remote.RemoteWebDriver$RemoteWebDriverOptions$RemoteWindow.maximize(RemoteWebDriver.java:837)\n\tat utilities.Driver.getDriver(Driver.java:42)\n\tat com.la3eb.stepDefinitions.UIStepDefs.user_goes_to_landing_page(UIStepDefs.java:29)\n\tat ✽.user goes to \"production\" landing page(file:///Users/ademugurlugelen/ademugurlugelen/la3ebCaseStudy/src/test/resources/la3ebFeatures/registration.feature:22)\n","duration":15975000,"status":"failed"},"line":22,"name":"user goes to \"production\" landing page","match":{"arguments":[{"val":"\"production\"","offset":13}],"location":"com.la3eb.stepDefinitions.UIStepDefs.user_goes_to_landing_page(java.lang.String)"},"keyword":"Given "},{"result":{"duration":139000,"status":"skipped"},"line":23,"name":"user navigates to \"Register\" page","match":{"arguments":[{"val":"\"Register\"","offset":18}],"location":"com.la3eb.stepDefinitions.UIStepDefs.user_navigates_to_page(java.lang.String)"},"keyword":"And "},{"result":{"duration":105000,"status":"skipped"},"line":24,"name":"user types \"ademd\" to \"email\" box","match":{"arguments":[{"val":"\"ademd\"","offset":11},{"val":"\"email\"","offset":22}],"location":"com.la3eb.stepDefinitions.UIStepDefs.user_types_to_box(java.lang.String,java.lang.String)"},"keyword":"And "},{"result":{"duration":1272000,"status":"skipped"},"line":25,"name":"user clears \"email\" box","match":{"arguments":[{"val":"\"email\"","offset":12}],"location":"com.la3eb.stepDefinitions.UIStepDefs.user_clears_box(java.lang.String)"},"keyword":"When "},{"result":{"duration":214000,"status":"skipped"},"line":26,"name":"user verifies \"Email is missing\" validation message appears for \"email\" field","match":{"arguments":[{"val":"\"Email is missing\"","offset":14},{"val":"\"email\"","offset":64}],"location":"com.la3eb.stepDefinitions.UIStepDefs.user_verifies_validation_message_appears_for_field(java.lang.String,java.lang.String)"},"keyword":"Then "}],"tags":[{"name":"@wip1"}]},{"start_timestamp":"2022-03-22T20:33:06.682Z","line":31,"name":"TC_004_Registration_Missing_Field_Validations","description":"","id":"case-study;tc-004-registration-missing-field-validations;;3","after":[{"result":{"error_message":"org.openqa.selenium.NoSuchWindowException: no such window: window was already closed\n  (Session info: chrome=99.0.4844.83)\nBuild info: version: '3.141.59', revision: 'e82be7d358', time: '2018-11-14T08:17:03'\nSystem info: host: 'AU-MacBook-Air.local', ip: '192.168.1.36', os.name: 'Mac OS X', os.arch: 'x86_64', os.version: '10.16', java.version: '11.0.10'\nDriver info: org.openqa.selenium.chrome.ChromeDriver\nCapabilities {acceptInsecureCerts: false, browserName: chrome, browserVersion: 99.0.4844.83, chrome: {chromedriverVersion: 99.0.4844.51 (d537ec02474b5..., userDataDir: /var/folders/zd/dqnl5w616n5...}, goog:chromeOptions: {debuggerAddress: localhost:57552}, javascriptEnabled: true, networkConnectionEnabled: false, pageLoadStrategy: normal, platform: MAC, platformName: MAC, proxy: Proxy(), setWindowRect: true, strictFileInteractability: false, timeouts: {implicit: 0, pageLoad: 300000, script: 30000}, unhandledPromptBehavior: dismiss and notify, webauthn:extension:credBlob: true, webauthn:extension:largeBlob: true, webauthn:virtualAuthenticators: true}\nSession ID: 23d36422b65666529dfd2433063a1596\n\tat java.base/jdk.internal.reflect.NativeConstructorAccessorImpl.newInstance0(Native Method)\n\tat java.base/jdk.internal.reflect.NativeConstructorAccessorImpl.newInstance(NativeConstructorAccessorImpl.java:62)\n\tat java.base/jdk.internal.reflect.DelegatingConstructorAccessorImpl.newInstance(DelegatingConstructorAccessorImpl.java:45)\n\tat java.base/java.lang.reflect.Constructor.newInstance(Constructor.java:490)\n\tat org.openqa.selenium.remote.http.W3CHttpResponseCodec.createException(W3CHttpResponseCodec.java:187)\n\tat org.openqa.selenium.remote.http.W3CHttpResponseCodec.decode(W3CHttpResponseCodec.java:122)\n\tat org.openqa.selenium.remote.http.W3CHttpResponseCodec.decode(W3CHttpResponseCodec.java:49)\n\tat org.openqa.selenium.remote.HttpCommandExecutor.execute(HttpCommandExecutor.java:158)\n\tat org.openqa.selenium.remote.service.DriverCommandExecutor.execute(DriverCommandExecutor.java:83)\n\tat org.openqa.selenium.remote.RemoteWebDriver.execute(RemoteWebDriver.java:552)\n\tat org.openqa.selenium.remote.RemoteWebDriver.execute(RemoteWebDriver.java:609)\n\tat org.openqa.selenium.remote.RemoteWebDriver$RemoteWebDriverOptions$RemoteWindow.maximize(RemoteWebDriver.java:837)\n\tat utilities.Driver.getDriver(Driver.java:42)\n\tat com.la3eb.stepDefinitions.UIHooks.tearDown(UIHooks.java:14)\n","duration":13158000,"status":"failed"},"match":{"location":"com.la3eb.stepDefinitions.UIHooks.tearDown(io.cucumber.java.Scenario)"}}],"type":"scenario","keyword":"Scenario Outline","steps":[{"result":{"error_message":"org.openqa.selenium.NoSuchWindowException: no such window: window was already closed\n  (Session info: chrome=99.0.4844.83)\nBuild info: version: '3.141.59', revision: 'e82be7d358', time: '2018-11-14T08:17:03'\nSystem info: host: 'AU-MacBook-Air.local', ip: '192.168.1.36', os.name: 'Mac OS X', os.arch: 'x86_64', os.version: '10.16', java.version: '11.0.10'\nDriver info: org.openqa.selenium.chrome.ChromeDriver\nCapabilities {acceptInsecureCerts: false, browserName: chrome, browserVersion: 99.0.4844.83, chrome: {chromedriverVersion: 99.0.4844.51 (d537ec02474b5..., userDataDir: /var/folders/zd/dqnl5w616n5...}, goog:chromeOptions: {debuggerAddress: localhost:57552}, javascriptEnabled: true, networkConnectionEnabled: false, pageLoadStrategy: normal, platform: MAC, platformName: MAC, proxy: Proxy(), setWindowRect: true, strictFileInteractability: false, timeouts: {implicit: 0, pageLoad: 300000, script: 30000}, unhandledPromptBehavior: dismiss and notify, webauthn:extension:credBlob: true, webauthn:extension:largeBlob: true, webauthn:virtualAuthenticators: true}\nSession ID: 23d36422b65666529dfd2433063a1596\n\tat java.base/jdk.internal.reflect.NativeConstructorAccessorImpl.newInstance0(Native Method)\n\tat java.base/jdk.internal.reflect.NativeConstructorAccessorImpl.newInstance(NativeConstructorAccessorImpl.java:62)\n\tat java.base/jdk.internal.reflect.DelegatingConstructorAccessorImpl.newInstance(DelegatingConstructorAccessorImpl.java:45)\n\tat java.base/java.lang.reflect.Constructor.newInstance(Constructor.java:490)\n\tat org.openqa.selenium.remote.http.W3CHttpResponseCodec.createException(W3CHttpResponseCodec.java:187)\n\tat org.openqa.selenium.remote.http.W3CHttpResponseCodec.decode(W3CHttpResponseCodec.java:122)\n\tat org.openqa.selenium.remote.http.W3CHttpResponseCodec.decode(W3CHttpResponseCodec.java:49)\n\tat org.openqa.selenium.remote.HttpCommandExecutor.execute(HttpCommandExecutor.java:158)\n\tat org.openqa.selenium.remote.service.DriverCommandExecutor.execute(DriverCommandExecutor.java:83)\n\tat org.openqa.selenium.remote.RemoteWebDriver.execute(RemoteWebDriver.java:552)\n\tat org.openqa.selenium.remote.RemoteWebDriver.execute(RemoteWebDriver.java:609)\n\tat org.openqa.selenium.remote.RemoteWebDriver$RemoteWebDriverOptions$RemoteWindow.maximize(RemoteWebDriver.java:837)\n\tat utilities.Driver.getDriver(Driver.java:42)\n\tat com.la3eb.stepDefinitions.UIStepDefs.user_goes_to_landing_page(UIStepDefs.java:29)\n\tat ✽.user goes to \"production\" landing page(file:///Users/ademugurlugelen/ademugurlugelen/la3ebCaseStudy/src/test/resources/la3ebFeatures/registration.feature:22)\n","duration":38750000,"status":"failed"},"line":22,"name":"user goes to \"production\" landing page","match":{"arguments":[{"val":"\"production\"","offset":13}],"location":"com.la3eb.stepDefinitions.UIStepDefs.user_goes_to_landing_page(java.lang.String)"},"keyword":"Given "},{"result":{"duration":779000,"status":"skipped"},"line":23,"name":"user navigates to \"Register\" page","match":{"arguments":[{"val":"\"Register\"","offset":18}],"location":"com.la3eb.stepDefinitions.UIStepDefs.user_navigates_to_page(java.lang.String)"},"keyword":"And "},{"result":{"duration":138000,"status":"skipped"},"line":24,"name":"user types \"b\" to \"username\" box","match":{"arguments":[{"val":"\"b\"","offset":11},{"val":"\"username\"","offset":18}],"location":"com.la3eb.stepDefinitions.UIStepDefs.user_types_to_box(java.lang.String,java.lang.String)"},"keyword":"And "},{"result":{"duration":311000,"status":"skipped"},"line":25,"name":"user clears \"username\" box","match":{"arguments":[{"val":"\"username\"","offset":12}],"location":"com.la3eb.stepDefinitions.UIStepDefs.user_clears_box(java.lang.String)"},"keyword":"When "},{"result":{"duration":120000,"status":"skipped"},"line":26,"name":"user verifies \"Username is required\" validation message appears for \"username\" field","match":{"arguments":[{"val":"\"Username is required\"","offset":14},{"val":"\"username\"","offset":68}],"location":"com.la3eb.stepDefinitions.UIStepDefs.user_verifies_validation_message_appears_for_field(java.lang.String,java.lang.String)"},"keyword":"Then "}],"tags":[{"name":"@wip1"}]},{"start_timestamp":"2022-03-22T20:33:06.799Z","line":32,"name":"TC_004_Registration_Missing_Field_Validations","description":"","id":"case-study;tc-004-registration-missing-field-validations;;4","after":[{"result":{"error_message":"org.openqa.selenium.NoSuchWindowException: no such window: window was already closed\n  (Session info: chrome=99.0.4844.83)\nBuild info: version: '3.141.59', revision: 'e82be7d358', time: '2018-11-14T08:17:03'\nSystem info: host: 'AU-MacBook-Air.local', ip: '192.168.1.36', os.name: 'Mac OS X', os.arch: 'x86_64', os.version: '10.16', java.version: '11.0.10'\nDriver info: org.openqa.selenium.chrome.ChromeDriver\nCapabilities {acceptInsecureCerts: false, browserName: chrome, browserVersion: 99.0.4844.83, chrome: {chromedriverVersion: 99.0.4844.51 (d537ec02474b5..., userDataDir: /var/folders/zd/dqnl5w616n5...}, goog:chromeOptions: {debuggerAddress: localhost:57552}, javascriptEnabled: true, networkConnectionEnabled: false, pageLoadStrategy: normal, platform: MAC, platformName: MAC, proxy: Proxy(), setWindowRect: true, strictFileInteractability: false, timeouts: {implicit: 0, pageLoad: 300000, script: 30000}, unhandledPromptBehavior: dismiss and notify, webauthn:extension:credBlob: true, webauthn:extension:largeBlob: true, webauthn:virtualAuthenticators: true}\nSession ID: 23d36422b65666529dfd2433063a1596\n\tat java.base/jdk.internal.reflect.NativeConstructorAccessorImpl.newInstance0(Native Method)\n\tat java.base/jdk.internal.reflect.NativeConstructorAccessorImpl.newInstance(NativeConstructorAccessorImpl.java:62)\n\tat java.base/jdk.internal.reflect.DelegatingConstructorAccessorImpl.newInstance(DelegatingConstructorAccessorImpl.java:45)\n\tat java.base/java.lang.reflect.Constructor.newInstance(Constructor.java:490)\n\tat org.openqa.selenium.remote.http.W3CHttpResponseCodec.createException(W3CHttpResponseCodec.java:187)\n\tat org.openqa.selenium.remote.http.W3CHttpResponseCodec.decode(W3CHttpResponseCodec.java:122)\n\tat org.openqa.selenium.remote.http.W3CHttpResponseCodec.decode(W3CHttpResponseCodec.java:49)\n\tat org.openqa.selenium.remote.HttpCommandExecutor.execute(HttpCommandExecutor.java:158)\n\tat org.openqa.selenium.remote.service.DriverCommandExecutor.execute(DriverCommandExecutor.java:83)\n\tat org.openqa.selenium.remote.RemoteWebDriver.execute(RemoteWebDriver.java:552)\n\tat org.openqa.selenium.remote.RemoteWebDriver.execute(RemoteWebDriver.java:609)\n\tat org.openqa.selenium.remote.RemoteWebDriver$RemoteWebDriverOptions$RemoteWindow.maximize(RemoteWebDriver.java:837)\n\tat utilities.Driver.getDriver(Driver.java:42)\n\tat com.la3eb.stepDefinitions.UIHooks.tearDown(UIHooks.java:14)\n","duration":12083000,"status":"failed"},"match":{"location":"com.la3eb.stepDefinitions.UIHooks.tearDown(io.cucumber.java.Scenario)"}}],"type":"scenario","keyword":"Scenario Outline","steps":[{"result":{"error_message":"org.openqa.selenium.NoSuchWindowException: no such window: window was already closed\n  (Session info: chrome=99.0.4844.83)\nBuild info: version: '3.141.59', revision: 'e82be7d358', time: '2018-11-14T08:17:03'\nSystem info: host: 'AU-MacBook-Air.local', ip: '192.168.1.36', os.name: 'Mac OS X', os.arch: 'x86_64', os.version: '10.16', java.version: '11.0.10'\nDriver info: org.openqa.selenium.chrome.ChromeDriver\nCapabilities {acceptInsecureCerts: false, browserName: chrome, browserVersion: 99.0.4844.83, chrome: {chromedriverVersion: 99.0.4844.51 (d537ec02474b5..., userDataDir: /var/folders/zd/dqnl5w616n5...}, goog:chromeOptions: {debuggerAddress: localhost:57552}, javascriptEnabled: true, networkConnectionEnabled: false, pageLoadStrategy: normal, platform: MAC, platformName: MAC, proxy: Proxy(), setWindowRect: true, strictFileInteractability: false, timeouts: {implicit: 0, pageLoad: 300000, script: 30000}, unhandledPromptBehavior: dismiss and notify, webauthn:extension:credBlob: true, webauthn:extension:largeBlob: true, webauthn:virtualAuthenticators: true}\nSession ID: 23d36422b65666529dfd2433063a1596\n\tat java.base/jdk.internal.reflect.NativeConstructorAccessorImpl.newInstance0(Native Method)\n\tat java.base/jdk.internal.reflect.NativeConstructorAccessorImpl.newInstance(NativeConstructorAccessorImpl.java:62)\n\tat java.base/jdk.internal.reflect.DelegatingConstructorAccessorImpl.newInstance(DelegatingConstructorAccessorImpl.java:45)\n\tat java.base/java.lang.reflect.Constructor.newInstance(Constructor.java:490)\n\tat org.openqa.selenium.remote.http.W3CHttpResponseCodec.createException(W3CHttpResponseCodec.java:187)\n\tat org.openqa.selenium.remote.http.W3CHttpResponseCodec.decode(W3CHttpResponseCodec.java:122)\n\tat org.openqa.selenium.remote.http.W3CHttpResponseCodec.decode(W3CHttpResponseCodec.java:49)\n\tat org.openqa.selenium.remote.HttpCommandExecutor.execute(HttpCommandExecutor.java:158)\n\tat org.openqa.selenium.remote.service.DriverCommandExecutor.execute(DriverCommandExecutor.java:83)\n\tat org.openqa.selenium.remote.RemoteWebDriver.execute(RemoteWebDriver.java:552)\n\tat org.openqa.selenium.remote.RemoteWebDriver.execute(RemoteWebDriver.java:609)\n\tat org.openqa.selenium.remote.RemoteWebDriver$RemoteWebDriverOptions$RemoteWindow.maximize(RemoteWebDriver.java:837)\n\tat utilities.Driver.getDriver(Driver.java:42)\n\tat com.la3eb.stepDefinitions.UIStepDefs.user_goes_to_landing_page(UIStepDefs.java:29)\n\tat ✽.user goes to \"production\" landing page(file:///Users/ademugurlugelen/ademugurlugelen/la3ebCaseStudy/src/test/resources/la3ebFeatures/registration.feature:22)\n","duration":17464000,"status":"failed"},"line":22,"name":"user goes to \"production\" landing page","match":{"arguments":[{"val":"\"production\"","offset":13}],"location":"com.la3eb.stepDefinitions.UIStepDefs.user_goes_to_landing_page(java.lang.String)"},"keyword":"Given "},{"result":{"duration":189000,"status":"skipped"},"line":23,"name":"user navigates to \"Register\" page","match":{"arguments":[{"val":"\"Register\"","offset":18}],"location":"com.la3eb.stepDefinitions.UIStepDefs.user_navigates_to_page(java.lang.String)"},"keyword":"And "},{"result":{"duration":108000,"status":"skipped"},"line":24,"name":"user types \"c\" to \"password\" box","match":{"arguments":[{"val":"\"c\"","offset":11},{"val":"\"password\"","offset":18}],"location":"com.la3eb.stepDefinitions.UIStepDefs.user_types_to_box(java.lang.String,java.lang.String)"},"keyword":"And "},{"result":{"duration":94000,"status":"skipped"},"line":25,"name":"user clears \"password\" box","match":{"arguments":[{"val":"\"password\"","offset":12}],"location":"com.la3eb.stepDefinitions.UIStepDefs.user_clears_box(java.lang.String)"},"keyword":"When "},{"result":{"duration":91000,"status":"skipped"},"line":26,"name":"user verifies \"Password is missing\" validation message appears for \"password\" field","match":{"arguments":[{"val":"\"Password is missing\"","offset":14},{"val":"\"password\"","offset":67}],"location":"com.la3eb.stepDefinitions.UIStepDefs.user_verifies_validation_message_appears_for_field(java.lang.String,java.lang.String)"},"keyword":"Then "}],"tags":[{"name":"@wip1"}]}],"name":"Case_Study","description":"","id":"case-study","keyword":"Feature","uri":"file:src/test/resources/la3ebFeatures/registration.feature","tags":[]}]